
129 244  42  55  5 lithium~
149 161   1   2  5 sun1.iusb.edu~
128  10  11 122  5 lab22.cs.purdue.edu~
192 203 196  20  5 martin.luther.edu~
198 174 169   6  5 subzero.winternet.com~
137 104 128 176  5 maple.ucs.uwplatt.edu~
192 108 254  12  5 linda.teleport.com~
198 178 203   9  5 kaiwan009.kaiwan.com~
129 244  42  52  5 yttrium-gw~
192 204  28  15  5 omni.voicenet.com~
198 213   2   6  5 Joyce-Perkins.tenet.edu~
128 123   1  18  5 pylos.NMSU.Edu~
129 244  42 105  5 ohm~
128 205   7  24  5 autarch.acsu.buffalo.edu~
128  95  44  24  5 glia.biostr.washington.edu~
192 160  13   1  5 bolero.rahul.net~
128 186   6 138  5 gold.acns.fsu.edu~
128 214   4 112  5 kruuna.Helsinki.FI~
129   7   1   9  5 Rosie.UH.EDU~
129   7   1   3  5 Jane.UH.EDU~
134  71 220   3  5 pinto.is.csupomona.edu~
193 219  35  33  5 cr.cr.ktu.lt~
147  11  43   2  5 ystwyth.wrs.com~
192 231 171   1  5 Sparc.MSMS.DoE.k12.MS.US~
127   0   0   1  5 localhost~
151 160   8  11  5 okra02.millsaps.edu~
128 164 127 252  5 gwis2.circ.gwu.edu~
137 229 144  54  5 137.229.144.54~
129 120   1  41  5 jove.acs.unt.edu~
198 167   1   1  5 bud.peinet.pe.ca~
192 100  81 133  5 netcom20.netcom.com~
128  32 136  74  5 uclink3.Berkeley.EDU~
199 172 191  10  5 wsnet.com~
128 186  40 102  5 lab03.lib.fsu.edu~
199  80  10 133  5 kibo.aum.edu~
129  89  70  58  5 omnifest.uwm.edu~
137 229 144  53  5 137.229.144.53~
155  92  10   6  5 odo.msoe.edu~
130 207 165  42  5 acmew.gatech.edu~
132 239  99  10  5 pinocchio.ucsd.edu~
129 186  97  46  5 dial46.ppp.iastate.edu~
129  79  10   1  5 gold.ucs.indiana.edu~
129  57  32  62  5 hallc1.cebaf.gov~
134  68   1  43  5 indyunix.iupui.edu~
129   7   1   7  5 Bayou.UH.EDU~
128 205   7  22  5 orichalc.acsu.buffalo.edu~
128 205   7  20  5 conciliator.acsu.buffalo.edu~
130 207 171  25  5 sundial.gatech.edu~
155  48   8 253  5 vaxvmsx.babson.edu~
192 233 193  26  5 192.233.193.26~
151 160   8   1  5 okra03.millsaps.edu~
205 164 108 102  5 pv2.burgoyne.com~
137 229 100 201  5 orion.alaska.edu~
204 122  16  13  5 eskimo.com~
129 244  45  52  5 yttrium~
128 118 145  95  5 tsppp95.cac.psu.edu~
128 118 145 115  5 tsppp115.cac.psu.edu~
128 118 145 121  5 tsppp121.cac.psu.edu~
199 171  21   1  5 matrix.eden.com~
199 217 200   1  5 lc.lindenwood.edu~
128  10  12 122  5 lab44.cs.purdue.edu~
193 219  33  46  5 sirijus.pit.ktu.lt~
129   7  10 126  5 Piranha.EGR.UH.EDU~
130 207 165  22  5 acmex.gatech.edu~
128 163  38  10  5 ndlc.occ.uky.edu~
204  96 116  43  5 pm3-23.magicnet.net~
128 205  32  10  5 gagarin.cs.Buffalo.EDU~
137  22   1   4  5 Veblen.ACNS.Carleton.edu~
192 100  81 132  5 netcom19.netcom.com~
129 244  42  48  5 hydrogen~
128 186  40 113  5 lab14.lib.fsu.edu~
128 169  76  67  5 UTKUX1.UTK.EDU~
137 104 128 175  5 aspen.ucs.uwplatt.edu~
137 229 144  55  5 valdez-usr-02-05.alaska.edu~
137 229 144  57  5 valdez-usr-02-07.alaska.edu~
137 229 144  58  5 valdez-usr-02-08.alaska.edu~
204 178 222 110  5 ip110.b2.wsnet.com~
128  10  12 113  5 lab35.cs.purdue.edu~
192  65 245 100  5 s850.mwc.edu~
128 205   7   4  5 lictor.acsu.buffalo.edu~
129 138   8 126  5 rocky.nmt.edu~
138 237 128 138  5 EDUNIX1.SED.TCU.EDU~
129 244   1 199  5 centum.utulsa.edu~
129  89   7 201  5 alpha1.csd.uwm.edu~
128 173  32  66  5 as2511-26.cns.vt.edu~
199  84  52 182  5 harp-24.synapse.net~
128  83 145  28  5 sepia.cc.utexas.edu~
152 168  30 179  5 daha-168-30-179.ipt.aol.com~
205 184   8  34  5 ix-sav-ga1-02.ix.netcom.com~
205 184 157  87  5 akr-oh2-23.ix.netcom.com~
204  31 243  33  5 ix-mad1-01.ix.netcom.com~
128 194 103  13  5 VMS1.TAMU.EDU~
128 173  21  54  5 mhatfield.async.vt.edu~
129  79  10   6  5 silver.ucs.indiana.edu~
129 138   4 205  5 emerald.nmt.edu~
204 118  70   4  5 204.118.70.4~
128  83 108  19  5 happy.cc.utexas.edu~
168 143   0   7  5 clark.net~
138  23 169 133  5 cs.ucr.edu~
204 181  45   9  5 toledo.emi.net~
204 227  13   7  5 204.227.13.7~
204 118  70   6  5 204.118.70.6~
192 100  81 128  5 netcom15.netcom.com~
128 163 117  28  5 nx28.mik.uky.edu~
128 173  22 175  5 wcole.async.vt.edu~
205 229   0 141  5 dialin141.pernet.net~
204 251 167   1  5 204.251.167.1~
138 237  64   2  5 WICHITA.CS.TCU.EDU~
205 184   8  52  5 ix-sav-ga1-20.ix.netcom.com~
199  35 204 212  5 ix-den6-20.ix.netcom.com~
131 252 129  54  5 odin.cc.pdx.edu~
198  68  11   1  5 gp.magick.net~
128 169  94  83  5 DUNCAN.CS.UTK.EDU~
128 169  76  11  5 UTKUX4.UTCC.UTK.EDU~
128 169 200  63  5 UTKVX2.UTK.EDU~
128  10   2  16  5 lore.cs.purdue.edu~
192 249   6  58  5 ANOMALY.UTCC.UTK.EDU~
192 100  81 125  5 netcom13.netcom.com~
129  93   1  24  5 herbie.unl.edu~
205 229   0 132  5 dialin132.pernet.net~
130 212  10 168  5 pluto.sfsu.edu~
205 252  44  33  5 cq.cqi.com~
131 144 196 167  5 131.144.196.167~
199  80  10 136  5 snarf.aum.edu~
138  23 169 102  5 foyt.ucr.edu~
128 173  32  45  5 as2511-5.cns.vt.edu~
129 244  45 165  5 ppp2~
131 144 196 191  5 131.144.196.191~
128 186 225  10  5 evax0.eng.fsu.edu~
129 138   8 107  5 charlie.nmt.edu~
138 237  64   5  5 SABINE.CS.TCU.EDU~
134 161   1  16  5 viper.uni.edu~
164 104   1  27  5 alpha.pr1.k12.co.us~
204 187 144 250  5 magi02p70.magi.com~
206  30 238 121  5 206.30.238.121~
128 186  40 105  5 lab06.lib.fsu.edu~
138  23 169 112  5 cooper.ucr.edu~
136 159 200  57  5 ts1-port-47.acs.ucalgary.ca~
134  68   1   2  5 indyvax.iupui.edu~
205 149 142   4  5 dosgod.mi.org~
128 173  32  46  5 as2511-6.cns.vt.edu~
129 244  42  53  5 tesla~
129 138   8 130  5 thumper.nmt.edu~
129 120  85 152  5 NT76292.decal.unt.edu~
129  82 136  49  5 dogbert.VTH.ColoState.EDU~
128 173  32  42  5 as2511-2.cns.vt.edu~
130 191 143 100  5 rohan.sdsu.edu~
193 219  38  33  5 vytautas.vdu.lt~
128  10  12 118  5 lab40.cs.purdue.edu~
206 149  70  40  5 vdz-p1-40.alaska.net~
128 210  10  11  5 expert.cc.purdue.edu~
128  10  19  16  5 lore.cs.purdue.edu~
128  10  12 119  5 lab41.cs.purdue.edu~
128 138 140   2  5 jila.Colorado.EDU~
128 138 129  83  5 ucsu.Colorado.EDU~
128 205   7  21  5 destrier.acsu.buffalo.edu~
131 144 196 173  5 131.144.196.173~
205 139   1  34  5 gduve.nai.net~
131 144 196 182  5 131.144.196.182~
205 184 166  55  5 ix-dsm-ia1-23.ix.netcom.com~
155  92  10   7  5 obrien.msoe.edu~
140 142  83   1  5 saul3.u.washington.edu~
140 142 180  17  5 cs101-15.u.washington.edu~
129  89   8 202  5 alpha2.csd.uwm.edu~
 35   9  14 166  5 pm102-05.dialip.mich.net~
131 144 196 165  5 131.144.196.165~
128  83 108   3  5 piglet.cc.utexas.edu~
131 144 196 181  5 131.144.196.181~
131 144 196 179  5 131.144.196.179~
137  22   4  46  5 Codd.MathCS.Carleton.edu~
128 173  32  52  5 as2511-12.cns.vt.edu~
199   3  12 169  5 mariner.cris.com~
151  99 168   3  5 cyberg.cyberg.it~
137  22   4  63  5 Io.MathCS.Carleton.edu~
131 144 196 162  5 131.144.196.162~
151  99 168   4  5 bbs.cyberg.it~
128 123   1  12  5 scheria.NMSU.Edu~
138  23 169 108  5 damon.ucr.edu~
193 219  33 108  5 uosis.soften.ktu.lt~
138  23 168  22  5 brigid.ucr.edu~
128  39  99  20  5 terne.krs.hia.no~
151  99 168   5  5 151.99.168.5~
151  99 168   9  5 151.99.168.9~
193 219  60  33  5 rc.lrs.lt~
137  22   4  38  5 Dijkstra.MathCS.Carleton.edu~
137  22   4  32  5 Rabin.MathCS.Carleton.edu~
151  99 168  10  5 151.99.168.10~
128 138 129  21  5 rastro.Colorado.EDU~
204 247   0 100  5 aimnet.aimnet.com~
192 100  81 117  5 netcom8.netcom.com~
192 100  81 130  5 netcom17.netcom.com~
192 100  81 131  5 netcom18.netcom.com~
204 233 104  44  5 dialup-R12.inworks.net~
204 233 104  34  5 dialup-R2.inworks.net~
130  18  80  11  5 Isis.MsQtate.Edu~
138  23 169 151  5 musial.ucr.edu~
128 118 145  84  5 tsppp84.cac.psu.edu~
138  23 169 153  5 maris.ucr.edu~
128 118 145  77  5 tsppp77.cac.psu.edu~
128 118 145  49  5 tsppp49.cac.psu.edu~
131 144 196 175  5 131.144.196.175~
204  17 139   1  5 calvino.alaska.net~
205 240  28  40  5 205.240.28.40~
206 149  70  45  5 vdz-p1-45.alaska.net~
128 163 144  19  5 skyhawk.ecc.engr.uky.edu~
128 118 145  91  5 tsppp91.cac.psu.edu~
131 144 196 164  5 131.144.196.164~
204 134  75 226  5 ppp26.cyberport.com~
128 123  62  99  5 analog-ts5-16.NMSU.Edu~
129 110  31   7  5 apache.utdallas.edu~
204 246  10  43  5 mawi1-a10.madison.tds.net~
192 231 187  33  5 Gatordyn21.ac.hillsdale.edu~
204  31 232  84  5 den-co8-20.ix.netcom.com~
192 228 147   3  5 student.sunwayk.edu.my~
204 246  10  40  5 mawi1-a07.madison.tds.net~
206  99 236  51  5 port-01.server1.nrv.net~
130 215  24  56  5 bigwpi.WPI.EDU~
138  23 204 179  5 borla.ucr.edu~
138  23 169 152  5 ott.ucr.edu~
129   7   4 131  5 Violet.EGR.UH.EDU~
128  39  99  24  5 terne4.krs.hia.no~
143 169  16  20  5 mpc20.uia.ac.be~
138  23 169 106  5 irvine.ucr.edu~
205 229   0 151  5 dialin151.pernet.net~
194  59 182  17  5 knarf-pc2.space.net~
192 100  81 121  5 netcom11.netcom.com~
128 123   1  83  5 oleada.NMSU.Edu~
163   1  62  31  5 163.1.62.31~
136 201  42 255  5 DaveMcKevitt2.staff_3.ul.ie~
161  53   2 130  5 jagor.srce.hr~
151  99 168   6  5 151.99.168.6~
128 118 145  79  5 tsppp79.cac.psu.edu~
131 144 196 152  5 131.144.196.152~
138 237 128   7  5 GAMMA.IS.TCU.EDU~
204 233 104  43  5 dialup-R11.inworks.net~
131 144 196 166  5 131.144.196.166~
206  43  23   2  5 highway.alinc.com~
128 118 145  65  5 tsppp65.cac.psu.edu~
143 132  86  40  5 stallion.jsums.edu~
204 233 104  36  5 dialup-R4.inworks.net~
206  12  26  57  5 ppp57.dowco.com~
192 100  81 126  5 netcom14.netcom.com~
192 100  81 108  5 netcom2.netcom.com~
137 238   1   1  5 uno.cc.geneseo.edu~
131 144 196 180  5 131.144.196.180~
206 149  65   3  5 calvino.alaska.net~
206 149  70  52  5 vdz-p1-52.alaska.net~
138 237 128  10  5 TCUCS6.CS.TCU.EDU~
206 149  70  57  5 vdz-p1-57.alaska.net~
194  59 182   9  5 dirac.space.net~
131 144 196 176  5 131.144.196.176~
128 118 145  35  5 tsppp35.cac.psu.edu~
199 174 138  55  5 ad11-055.compuserve.com~
206 149  70  46  5 vdz-p1-46.alaska.net~
199  89 140 119  5 idt.liberty.com~
129  94 238  14  5 modem.circus.cse.unsw.EDU.AU~
130  37  96 202  5 laffer.psy.vu.nl~
204 117 196  47  5 ppp-oca-fl-017.atlantic.net~
192 100  81 119  5 netcom9.netcom.com~
199 227   0  15  5 navajo.gate.net~
128 214 123   8  5 uiah.fi~
130  37  96 203  5 bonds.psy.vu.nl~
128  39  99 196  5 a1170-1851.krs.hia.no~
130  37  96 204  5 wilco.psy.vu.nl~
206 149  70  35  5 vdz-p1-35.alaska.net~
204 117 196  50  5 ppp-oca-fl-020.atlantic.net~
204 117 196  56  5 ppp-oca-fl-026.atlantic.net~
192 100  81 137  5 netcom23.netcom.com~
204 233 104  40  5 dialup-R8.inworks.net~
128 163 144  18  5 fulcrum.ecc.engr.uky.edu~
151  99 168   7  5 151.99.168.7~
206 112 192 106  5 shell.one.net~
129  79   1   4  5 copper.ucs.indiana.edu~
194  59 182   7  5 news.space.net~
206 149  70  33  5 vdz-p1-33.alaska.net~
194  59 182  25  5 moebius.space.net~
194  59 182   6  5 hilbert.space.net~
129   7  56  14  5 Dragonfly.EGR.UH.EDU~
164  67  22  90  5 ts37-13.wla.ts.ucla.edu~
164  67  22 113  5 ts39-4.wla.ts.ucla.edu~
137 158 130  37  5 torr1.cem.uct.ac.za~
131 175   6   1  5 131.175.6.1~
193 226 100 249  5 ldc.sfos.ro~
205 244 197   1  5 pikuolis.omnitel.net~
137 158 132  74  5 bc05924.cem.uct.ac.za~
196  21   2 169  5 Lab089.eng.uct.ac.za~
204 246   9  34  5 mawi1-e0.madison.tds.net~
196  21   2 165  5 Lab085.eng.uct.ac.za~
196  21   2  42  5 Lab010.eng.uct.ac.za~
206 185  38  35  5 ppp-14.ts2.wsnet.com~
206 214 109 213  5 den-co25-21.ix.netcom.com~
146 186  19 154  5 nb13slip154.cac.psu.edu~
128 163 215 155  5 bianca.cslab.uky.edu~
206  41 137 170  5 tsip1-38.ionet.net~
205 184 157  57  5 akr-oh1-25.ix.netcom.com~
206  41 137 190  5 tsip1-58.ionet.net~
166  84 209 134  5 kilgor.dialup.access.net~
128 163   1 163  5 sac.uky.edu~
198 170 217  84  5 wn-bpt20.sat.net~
129 244  73  32  5 hpserv.keh.utulsa.edu~
146 186  16 149  5 nb9slip149.cac.psu.edu~
198 170 217  69  5 wn-bpt5.sat.net~
128 163 215 160  5 hero.cslab.uky.edu~
146 186  17 194  5 nb6slip194.cac.psu.edu~
129 120  50  20  5 den1-1-19.dialup.unt.edu~
207  59  32  15  5 charlotte-015.interpath.net~
128 163 215 151  5 ariel.cslab.uky.edu~
196  21   2  39  5 Lab007.eng.uct.ac.za~
196  21   2  40  5 Lab008.eng.uct.ac.za~
128 163 215 180  5 cardiff.cslab.uky.edu~
205 229   0 155  5 dialin155.pernet.net~
198 213   2   8  5 Gayle-Gaston.tenet.edu~
199   3  12  37  5 voyager.cris.com~
152  42  80  70  5 152.42.80.70~
198 213   2   1  5 alpha.tenet.edu~
198   7   0   2  5 panix.com~
196  21   2  38  5 Lab006.eng.uct.ac.za~
137 158 132  73  5 137.158.132.73~
196  21   2 164  5 Lab084.eng.uct.ac.za~
196  21   2 170  5 Lab090.eng.uct.ac.za~
206  52  67  18  5 206.52.67.18~
164 216  16 155  5 164.216.16.155~
193 219  36 129  5 vm22.ktu.lt~
130 115  53 165  5 pcz-e05.edu.few.eur.nl~
204 182  45   3  5 bbs.ohana.com~
193 133 247  33  5 root44.root.co.uk~
145  24 133 174  5 145.24.133.174~
198   4  75  49  5 village.ios.com~
196  21   2 171  5 Lab091.eng.uct.ac.za~
198 164  97  65  5 edmnts02c11.nbnet.nb.ca~
207  59  32  51  5 charlotte-051.interpath.net~
128 163 215 177  5 128.163.215.177~
129 120   1  42  5 sol.acs.unt.edu~
196  21   2  36  5 Lab004.eng.uct.ac.za~
128 163 215 156  5 caesar.cslab.uky.edu~
205 229   0 252  5 205.229.0.252~
204 212  36   5  5 gem.kern.com~
128 163 215 179  5 bristol.cslab.uky.edu~
194  59 182  37  5 borel.space.net~
204 166 176  76  5 204.166.176.76~
128 163 215 157  5 cassius.cslab.uky.edu~
138  23 169 159  5 stingray.ucr.edu~
138  23 169 175  5 transam.ucr.edu~
128 163 117  33  5 nx33.mik.uky.edu~
205 243  42 207  5 205.243.42.207~
138  23 169 172  5 corvair.ucr.edu~
128 163 215 158  5 claudio.cslab.uky.edu~
205 229   0 190  5 dialin190.pernet.net~
130  58 218   3  5 condor.sccs.swarthmore.edu~
198 164  97  38  5 edmnts01c32.nbnet.nb.ca~
198 164  97  68  5 edmnts02c14.nbnet.nb.ca~
128 173  16 184  5 gajones.async.vt.edu~
198 164  97  25  5 edmnts01c19.nbnet.nb.ca~
198 164  97  58  5 edmnts02c04.nbnet.nb.ca~
128 186 224  39  5 dingo.eng.fsu.edu~
198   7   0   3  5 panix2.panix.com~
198 164  97  24  5 edmnts01c18.nbnet.nb.ca~
196  21   2  41  5 Lab009.eng.uct.ac.za~
128 163 117  22  5 nx22.mik.uky.edu~
136 201  42 254  5 RichardLeahy2.staff_3.ul.ie~
136 201  42 222  5 BrianCoates2.staff_3.ul.ie~
206 149  70  53  5 vdz-p1-53.alaska.net~
129   7  56  13  5 Grasshopper.EGR.UH.EDU~
207  80  34  17  5 207.80.34.17~
196  21   2 163  5 Lab083.eng.uct.ac.za~
136 201   1   1  5 itd1.ul.ie~
138  23 204 166  5 greenwood.ucr.edu~
206 149  70  58  5 vdz-p1-58.alaska.net~
138  23 204 167  5 eibach.ucr.edu~
138  23 204 169  5 cyclone.ucr.edu~
138  23 169 169  5 judge.ucr.edu~
196  21   2 173  5 Lab093.eng.uct.ac.za~
128 163 117  12  5 nx12.mik.uky.edu~
138  23 169 109  5 hill.ucr.edu~
129 244  73  44  5 scivis1.keh.utulsa.edu~