5829
NULL
70 63 52 48 50 80 54
67 51 59 38 37 51 36
49 52 48 44 42 44 36
39 37 51 32 35 32 28
31 37 20 34 37 30 24
53 29 27 38 25 15 32
38 24 36 31 26 37 36
50 25 23 23 41 30 21
31 39 36 33 50 42 44
59 45 43 47 44 60 53
46 65 76 64 53 54 48
58 48 60 64 49 58 49
68 67 58 64 67 58 53
64 73 49 58 59 71 53
49 87 73 64 53 70 66
61 58 72 77 73 76 83
65 68 59 64 65 80 76
51 67 57 63 62 75 87
71 64 67 49 45 49 66
73 55 78 58 55 56 50
64 68 61 69 54 45 51
55 93 54 47 68 64 75
67 101 57 54 73 65 51
79 60 43 39 92 69 65
10 16 4 53 7 7 15
23 26 19 5 7 16 5
6 749 26 150 12 14 12
6 1041 14 186 5 6 16
6 1155 7 4 10 2 21
284 261 5 11 8 3 2
2198 7 16 12 13 1 13
485 2 4 25 3 10 14
7 6 5 7 13 3 602
8 4 0 11 12 13 35
55 3 12 18 26 17 137
19 21 19 446 22 16 30
12 16 14 145 5 10 19
7 22 11 18 51 19 14
7 22 13 0 73 24 12
13 26 7 13 452 21 4
13 25 11 10 15 27 13
97 448 15 12 364 18 14
15 30 157 17 944 23 10
295 12 11 3 13 12 16
16 12 11 35 18 13 10
22 24 578 21 27 11 36
27 42 154 9 34 35 22
19 34 57 17 25 12 14

XXXXXXXXXX
#Siteban
